<!DOCTYPE html>
<html>
<head>
<meta charset="UTF-8">
<title>Log herman.15_modest_from-jani_check_unsafe-memory</title>
<link rel="stylesheet" type="text/css" href=../../style.css>
</head>
<body>
<h3>Log files for model <a href="../../models/herman.15/index.html" target="_blank">herman.15</a> and tool configuration modest_from-jani_check_unsafe-memory</h3>
<div class="box">
<div class="boxlabelo"><div class="boxlabelc">Parsed values</div></div>
<pre style="overflow:auto; padding-bottom: 1.5ex">[NS, NS, NS, NS, NS]</pre>
</div>
<div class="box">
<div class="boxlabelo"><div class="boxlabelc">Log file: modest_from-jani_check_unsafe-memory_herman.15_rep1.log</div></div>
<pre style="overflow:auto; padding-bottom: 1.5ex">Command(s):
../bin/modest mcsta models/herman.15/model.jani --unsafe -S Memory -D -Y --exhaustive
Wallclock time: 0.178 seconds
Return code: 0
##############################
The Modest Toolset (www.modestchecker.net), version v3.1.309-gc50f44578+fbf9665bcdba2a52f889044b798eed3fff9893b6.
Command: modest mcsta models/herman.15/model.jani --unsafe -S Memory -D -Y --exhaustive




model.jani:model: info: model is a DTMC model.
model.jani:variables[: error: Complex initial states specifications are not yet supported.
</pre>
</div>
<div class="box">
<div class="boxlabelo"><div class="boxlabelc">Log file: modest_from-jani_check_unsafe-memory_herman.15_rep2.log</div></div>
<pre style="overflow:auto; padding-bottom: 1.5ex">Command(s):
../bin/modest mcsta models/herman.15/model.jani --unsafe -S Memory -D -Y --exhaustive
Wallclock time: 0.168 seconds
Return code: 0
##############################
The Modest Toolset (www.modestchecker.net), version v3.1.309-gc50f44578+fbf9665bcdba2a52f889044b798eed3fff9893b6.
Command: modest mcsta models/herman.15/model.jani --unsafe -S Memory -D -Y --exhaustive




model.jani:model: info: model is a DTMC model.
model.jani:variables[: error: Complex initial states specifications are not yet supported.
</pre>
</div>
<div class="box">
<div class="boxlabelo"><div class="boxlabelc">Log file: modest_from-jani_check_unsafe-memory_herman.15_rep3.log</div></div>
<pre style="overflow:auto; padding-bottom: 1.5ex">Command(s):
../bin/modest mcsta models/herman.15/model.jani --unsafe -S Memory -D -Y --exhaustive
Wallclock time: 0.174 seconds
Return code: 0
##############################
The Modest Toolset (www.modestchecker.net), version v3.1.309-gc50f44578+fbf9665bcdba2a52f889044b798eed3fff9893b6.
Command: modest mcsta models/herman.15/model.jani --unsafe -S Memory -D -Y --exhaustive




model.jani:model: info: model is a DTMC model.
model.jani:variables[: error: Complex initial states specifications are not yet supported.
</pre>
</div>
<div class="box">
<div class="boxlabelo"><div class="boxlabelc">Log file: modest_from-jani_check_unsafe-memory_herman.15_rep4.log</div></div>
<pre style="overflow:auto; padding-bottom: 1.5ex">Command(s):
../bin/modest mcsta models/herman.15/model.jani --unsafe -S Memory -D -Y --exhaustive
Wallclock time: 0.147 seconds
Return code: 0
##############################
The Modest Toolset (www.modestchecker.net), version v3.1.309-gc50f44578+fbf9665bcdba2a52f889044b798eed3fff9893b6.
Command: modest mcsta models/herman.15/model.jani --unsafe -S Memory -D -Y --exhaustive




model.jani:model: info: model is a DTMC model.
model.jani:variables[: error: Complex initial states specifications are not yet supported.
</pre>
</div>
<div class="box">
<div class="boxlabelo"><div class="boxlabelc">Log file: modest_from-jani_check_unsafe-memory_herman.15_rep5.log</div></div>
<pre style="overflow:auto; padding-bottom: 1.5ex">Command(s):
../bin/modest mcsta models/herman.15/model.jani --unsafe -S Memory -D -Y --exhaustive
Wallclock time: 0.178 seconds
Return code: 0
##############################
The Modest Toolset (www.modestchecker.net), version v3.1.309-gc50f44578+fbf9665bcdba2a52f889044b798eed3fff9893b6.
Command: modest mcsta models/herman.15/model.jani --unsafe -S Memory -D -Y --exhaustive




model.jani:model: info: model is a DTMC model.
model.jani:variables[: error: Complex initial states specifications are not yet supported.
</pre>
</div>
</body>
</html>